<?xml version="1.0" encoding="UTF-8"?>
<!-- Generated by org.testng.reporters.JUnitReportReporter -->
<testsuite hostname="LAPTOP-J2TOIKUA" failures="0" tests="2" name="FrameworkDesign.SubmitOrderTest" time="26.997" errors="0" timestamp="2023-10-29T13:36:56 IST" skipped="0">
  <testcase classname="FrameworkDesign.SubmitOrderTest" name="submitOrder" time="12.482"/>
  <testcase classname="FrameworkDesign.SubmitOrderTest" name="submitOrder" time="14.515"/>
</testsuite> <!-- FrameworkDesign.SubmitOrderTest -->
