<?xml version="1.0" encoding="UTF-8"?>
<!-- Generated by org.testng.reporters.JUnitReportReporter -->
<testsuite hostname="LAPTOP-J2TOIKUA" failures="0" tests="3" name="FrameworkDesign.tests.SubmitOrderTest" time="37.953" errors="0" timestamp="2023-11-05T20:25:34 IST" skipped="0">
  <testcase classname="FrameworkDesign.tests.SubmitOrderTest" name="submitOrder" time="15.542"/>
  <testcase classname="FrameworkDesign.tests.SubmitOrderTest" name="submitOrder" time="16.645"/>
  <testcase classname="FrameworkDesign.tests.SubmitOrderTest" name="orderhistorypage" time="5.766"/>
</testsuite> <!-- FrameworkDesign.tests.SubmitOrderTest -->
