<?xml version="1.0" encoding="UTF-8"?>
<!-- Generated by org.testng.reporters.JUnitReportReporter -->
<testsuite hostname="LAPTOP-J2TOIKUA" failures="0" tests="2" name="FrameworkDesign.tests.ErrorValidationTest" time="13.419" errors="0" timestamp="2023-11-05T20:25:34 IST" skipped="0">
  <testcase classname="FrameworkDesign.tests.ErrorValidationTest" name="loginErrorValidation" time="6.882"/>
  <testcase classname="FrameworkDesign.tests.ErrorValidationTest" name="productErrorValidation" time="6.537"/>
</testsuite> <!-- FrameworkDesign.tests.ErrorValidationTest -->
