<?xml version="1.0" encoding="UTF-8"?>
<!-- Generated by org.testng.reporters.JUnitReportReporter -->
<testsuite hostname="LAPTOP-J2TOIKUA" failures="0" tests="1" name="cucumber.TestNGTestRunner" time="9.962" errors="0" timestamp="2023-11-10T20:36:27 IST" skipped="0">
  <testcase classname="cucumber.TestNGTestRunner" name="runScenario" time="9.962"/>
</testsuite> <!-- cucumber.TestNGTestRunner -->
